2025-10-17 13:36:45,660 - INFO - Pika version 1.3.2 connecting to ('::1', 5672, 0, 0)
2025-10-17 13:36:45,661 - INFO - Socket connected: <socket.socket fd=1552, family=23, type=1, proto=6, laddr=('::1', 62976, 0, 0), raddr=('::1', 5672, 0, 0)>
2025-10-17 13:36:45,662 - INFO - Streaming transport linked up: (<pika.adapters.utils.io_services_utils._AsyncPlaintextTransport object at 0x00000199B52AD3D0>, _StreamingProtocolShim: <SelectConnection PROTOCOL transport=<pika.adapters.utils.io_services_utils._AsyncPlaintextTransport object at 0x00000199B52AD3D0> params=<ConnectionParameters host=localhost port=5672 virtual_host=/ ssl=False>>).
2025-10-17 13:36:45,666 - INFO - AMQPConnector - reporting success: <SelectConnection OPEN transport=<pika.adapters.utils.io_services_utils._AsyncPlaintextTransport object at 0x00000199B52AD3D0> params=<ConnectionParameters host=localhost port=5672 virtual_host=/ ssl=False>>
2025-10-17 13:36:45,667 - INFO - AMQPConnectionWorkflow - reporting success: <SelectConnection OPEN transport=<pika.adapters.utils.io_services_utils._AsyncPlaintextTransport object at 0x00000199B52AD3D0> params=<ConnectionParameters host=localhost port=5672 virtual_host=/ ssl=False>>
2025-10-17 13:36:45,667 - INFO - Connection workflow succeeded: <SelectConnection OPEN transport=<pika.adapters.utils.io_services_utils._AsyncPlaintextTransport object at 0x00000199B52AD3D0> params=<ConnectionParameters host=localhost port=5672 virtual_host=/ ssl=False>>
2025-10-17 13:36:45,667 - INFO - Created channel=1
2025-10-17 13:36:45,669 - INFO - connection created
2025-10-17 13:36:45,671 - INFO - Declare queue
2025-10-17 13:36:45,671 - INFO - Consume queue
2025-10-17 13:36:50,371 - INFO - ETL process DONE.
2025-10-17 16:17:27,035 - INFO - Pika version 1.3.2 connecting to ('::1', 5672, 0, 0)
2025-10-17 16:17:27,036 - INFO - Socket connected: <socket.socket fd=1692, family=23, type=1, proto=6, laddr=('::1', 63912, 0, 0), raddr=('::1', 5672, 0, 0)>
2025-10-17 16:17:27,037 - INFO - Streaming transport linked up: (<pika.adapters.utils.io_services_utils._AsyncPlaintextTransport object at 0x0000013D8508E1D0>, _StreamingProtocolShim: <SelectConnection PROTOCOL transport=<pika.adapters.utils.io_services_utils._AsyncPlaintextTransport object at 0x0000013D8508E1D0> params=<ConnectionParameters host=localhost port=5672 virtual_host=/ ssl=False>>).
2025-10-17 16:17:27,047 - INFO - AMQPConnector - reporting success: <SelectConnection OPEN transport=<pika.adapters.utils.io_services_utils._AsyncPlaintextTransport object at 0x0000013D8508E1D0> params=<ConnectionParameters host=localhost port=5672 virtual_host=/ ssl=False>>
2025-10-17 16:17:27,047 - INFO - AMQPConnectionWorkflow - reporting success: <SelectConnection OPEN transport=<pika.adapters.utils.io_services_utils._AsyncPlaintextTransport object at 0x0000013D8508E1D0> params=<ConnectionParameters host=localhost port=5672 virtual_host=/ ssl=False>>
2025-10-17 16:17:27,047 - INFO - Connection workflow succeeded: <SelectConnection OPEN transport=<pika.adapters.utils.io_services_utils._AsyncPlaintextTransport object at 0x0000013D8508E1D0> params=<ConnectionParameters host=localhost port=5672 virtual_host=/ ssl=False>>
2025-10-17 16:17:27,048 - INFO - Created channel=1
2025-10-17 16:17:27,049 - INFO - connection created
2025-10-17 16:17:27,050 - INFO - Declare queue
2025-10-17 16:17:27,051 - INFO - Consume queue
2025-10-17 16:20:49,289 - INFO - Pika version 1.3.2 connecting to ('::1', 5672, 0, 0)
2025-10-17 16:20:49,290 - INFO - Socket connected: <socket.socket fd=1296, family=23, type=1, proto=6, laddr=('::1', 63940, 0, 0), raddr=('::1', 5672, 0, 0)>
2025-10-17 16:20:49,290 - INFO - Streaming transport linked up: (<pika.adapters.utils.io_services_utils._AsyncPlaintextTransport object at 0x000001B69B124B90>, _StreamingProtocolShim: <SelectConnection PROTOCOL transport=<pika.adapters.utils.io_services_utils._AsyncPlaintextTransport object at 0x000001B69B124B90> params=<ConnectionParameters host=localhost port=5672 virtual_host=/ ssl=False>>).
2025-10-17 16:20:49,294 - INFO - AMQPConnector - reporting success: <SelectConnection OPEN transport=<pika.adapters.utils.io_services_utils._AsyncPlaintextTransport object at 0x000001B69B124B90> params=<ConnectionParameters host=localhost port=5672 virtual_host=/ ssl=False>>
2025-10-17 16:20:49,294 - INFO - AMQPConnectionWorkflow - reporting success: <SelectConnection OPEN transport=<pika.adapters.utils.io_services_utils._AsyncPlaintextTransport object at 0x000001B69B124B90> params=<ConnectionParameters host=localhost port=5672 virtual_host=/ ssl=False>>
2025-10-17 16:20:49,295 - INFO - Connection workflow succeeded: <SelectConnection OPEN transport=<pika.adapters.utils.io_services_utils._AsyncPlaintextTransport object at 0x000001B69B124B90> params=<ConnectionParameters host=localhost port=5672 virtual_host=/ ssl=False>>
2025-10-17 16:20:49,295 - INFO - Created channel=1
2025-10-17 16:20:49,297 - INFO - Consumer waiting for messages...
2025-10-17 16:29:38,237 - INFO - Received file path from queue: uploads\student_results.csv
2025-10-17 16:29:38,305 - ERROR - Error during ETL or DB update: 2005 (HY000): Unknown MySQL server host 'localhost:3306' (11001)
2025-10-17 16:41:22,561 - INFO - Pika version 1.3.2 connecting to ('::1', 5672, 0, 0)
2025-10-17 16:41:22,562 - INFO - Socket connected: <socket.socket fd=1640, family=23, type=1, proto=6, laddr=('::1', 64212, 0, 0), raddr=('::1', 5672, 0, 0)>
2025-10-17 16:41:22,562 - INFO - Streaming transport linked up: (<pika.adapters.utils.io_services_utils._AsyncPlaintextTransport object at 0x0000013AE9921650>, _StreamingProtocolShim: <SelectConnection PROTOCOL transport=<pika.adapters.utils.io_services_utils._AsyncPlaintextTransport object at 0x0000013AE9921650> params=<ConnectionParameters host=localhost port=5672 virtual_host=/ ssl=False>>).
2025-10-17 16:41:22,566 - INFO - AMQPConnector - reporting success: <SelectConnection OPEN transport=<pika.adapters.utils.io_services_utils._AsyncPlaintextTransport object at 0x0000013AE9921650> params=<ConnectionParameters host=localhost port=5672 virtual_host=/ ssl=False>>
2025-10-17 16:41:22,567 - INFO - AMQPConnectionWorkflow - reporting success: <SelectConnection OPEN transport=<pika.adapters.utils.io_services_utils._AsyncPlaintextTransport object at 0x0000013AE9921650> params=<ConnectionParameters host=localhost port=5672 virtual_host=/ ssl=False>>
2025-10-17 16:41:22,567 - INFO - Connection workflow succeeded: <SelectConnection OPEN transport=<pika.adapters.utils.io_services_utils._AsyncPlaintextTransport object at 0x0000013AE9921650> params=<ConnectionParameters host=localhost port=5672 virtual_host=/ ssl=False>>
2025-10-17 16:41:22,567 - INFO - Created channel=1
2025-10-17 16:41:22,570 - INFO - Consumer waiting for messages...
2025-10-17 16:41:22,570 - INFO - Received file path from queue: uploads\student_results.csv
2025-10-17 17:03:37,715 - INFO - Pika version 1.3.2 connecting to ('::1', 5672, 0, 0)
2025-10-17 17:03:37,716 - INFO - Socket connected: <socket.socket fd=1688, family=23, type=1, proto=6, laddr=('::1', 64377, 0, 0), raddr=('::1', 5672, 0, 0)>
2025-10-17 17:03:37,717 - INFO - Streaming transport linked up: (<pika.adapters.utils.io_services_utils._AsyncPlaintextTransport object at 0x0000021EE1C29550>, _StreamingProtocolShim: <SelectConnection PROTOCOL transport=<pika.adapters.utils.io_services_utils._AsyncPlaintextTransport object at 0x0000021EE1C29550> params=<ConnectionParameters host=localhost port=5672 virtual_host=/ ssl=False>>).
2025-10-17 17:03:37,721 - INFO - AMQPConnector - reporting success: <SelectConnection OPEN transport=<pika.adapters.utils.io_services_utils._AsyncPlaintextTransport object at 0x0000021EE1C29550> params=<ConnectionParameters host=localhost port=5672 virtual_host=/ ssl=False>>
2025-10-17 17:03:37,721 - INFO - AMQPConnectionWorkflow - reporting success: <SelectConnection OPEN transport=<pika.adapters.utils.io_services_utils._AsyncPlaintextTransport object at 0x0000021EE1C29550> params=<ConnectionParameters host=localhost port=5672 virtual_host=/ ssl=False>>
2025-10-17 17:03:37,721 - INFO - Connection workflow succeeded: <SelectConnection OPEN transport=<pika.adapters.utils.io_services_utils._AsyncPlaintextTransport object at 0x0000021EE1C29550> params=<ConnectionParameters host=localhost port=5672 virtual_host=/ ssl=False>>
2025-10-17 17:03:37,721 - INFO - Created channel=1
2025-10-17 17:03:37,724 - INFO - Consumer waiting for messages...
2025-10-17 17:03:37,724 - INFO - Received file path from queue: uploads\student_results.csv
2025-10-17 17:07:15,571 - INFO - Pika version 1.3.2 connecting to ('::1', 5672, 0, 0)
2025-10-17 17:07:15,572 - INFO - Socket connected: <socket.socket fd=1640, family=23, type=1, proto=6, laddr=('::1', 64426, 0, 0), raddr=('::1', 5672, 0, 0)>
2025-10-17 17:07:15,572 - INFO - Streaming transport linked up: (<pika.adapters.utils.io_services_utils._AsyncPlaintextTransport object at 0x0000025690609B10>, _StreamingProtocolShim: <SelectConnection PROTOCOL transport=<pika.adapters.utils.io_services_utils._AsyncPlaintextTransport object at 0x0000025690609B10> params=<ConnectionParameters host=localhost port=5672 virtual_host=/ ssl=False>>).
2025-10-17 17:07:15,576 - INFO - AMQPConnector - reporting success: <SelectConnection OPEN transport=<pika.adapters.utils.io_services_utils._AsyncPlaintextTransport object at 0x0000025690609B10> params=<ConnectionParameters host=localhost port=5672 virtual_host=/ ssl=False>>
2025-10-17 17:07:15,576 - INFO - AMQPConnectionWorkflow - reporting success: <SelectConnection OPEN transport=<pika.adapters.utils.io_services_utils._AsyncPlaintextTransport object at 0x0000025690609B10> params=<ConnectionParameters host=localhost port=5672 virtual_host=/ ssl=False>>
2025-10-17 17:07:15,576 - INFO - Connection workflow succeeded: <SelectConnection OPEN transport=<pika.adapters.utils.io_services_utils._AsyncPlaintextTransport object at 0x0000025690609B10> params=<ConnectionParameters host=localhost port=5672 virtual_host=/ ssl=False>>
2025-10-17 17:07:15,577 - INFO - Created channel=1
2025-10-17 17:07:15,580 - INFO - Consumer waiting for messages...
2025-10-17 17:07:15,580 - INFO - Received file path from queue: uploads\student_results.csv
2025-10-17 17:10:36,484 - INFO - Pika version 1.3.2 connecting to ('::1', 5672, 0, 0)
2025-10-17 17:10:36,485 - INFO - Socket connected: <socket.socket fd=1660, family=23, type=1, proto=6, laddr=('::1', 64461, 0, 0), raddr=('::1', 5672, 0, 0)>
2025-10-17 17:10:36,485 - INFO - Streaming transport linked up: (<pika.adapters.utils.io_services_utils._AsyncPlaintextTransport object at 0x000002335772D5D0>, _StreamingProtocolShim: <SelectConnection PROTOCOL transport=<pika.adapters.utils.io_services_utils._AsyncPlaintextTransport object at 0x000002335772D5D0> params=<ConnectionParameters host=localhost port=5672 virtual_host=/ ssl=False>>).
2025-10-17 17:10:36,489 - INFO - AMQPConnector - reporting success: <SelectConnection OPEN transport=<pika.adapters.utils.io_services_utils._AsyncPlaintextTransport object at 0x000002335772D5D0> params=<ConnectionParameters host=localhost port=5672 virtual_host=/ ssl=False>>
2025-10-17 17:10:36,490 - INFO - AMQPConnectionWorkflow - reporting success: <SelectConnection OPEN transport=<pika.adapters.utils.io_services_utils._AsyncPlaintextTransport object at 0x000002335772D5D0> params=<ConnectionParameters host=localhost port=5672 virtual_host=/ ssl=False>>
2025-10-17 17:10:36,490 - INFO - Connection workflow succeeded: <SelectConnection OPEN transport=<pika.adapters.utils.io_services_utils._AsyncPlaintextTransport object at 0x000002335772D5D0> params=<ConnectionParameters host=localhost port=5672 virtual_host=/ ssl=False>>
2025-10-17 17:10:36,490 - INFO - Created channel=1
2025-10-17 17:10:36,493 - INFO - Consumer waiting for messages...
2025-10-17 17:10:36,493 - INFO - Received file path from queue: uploads\student_results.csv
2025-10-17 17:12:15,008 - INFO - Pika version 1.3.2 connecting to ('::1', 5672, 0, 0)
2025-10-17 17:12:15,009 - INFO - Socket connected: <socket.socket fd=1656, family=23, type=1, proto=6, laddr=('::1', 64489, 0, 0), raddr=('::1', 5672, 0, 0)>
2025-10-17 17:12:15,009 - INFO - Streaming transport linked up: (<pika.adapters.utils.io_services_utils._AsyncPlaintextTransport object at 0x0000022082D1F9D0>, _StreamingProtocolShim: <SelectConnection PROTOCOL transport=<pika.adapters.utils.io_services_utils._AsyncPlaintextTransport object at 0x0000022082D1F9D0> params=<ConnectionParameters host=localhost port=5672 virtual_host=/ ssl=False>>).
2025-10-17 17:12:15,013 - INFO - AMQPConnector - reporting success: <SelectConnection OPEN transport=<pika.adapters.utils.io_services_utils._AsyncPlaintextTransport object at 0x0000022082D1F9D0> params=<ConnectionParameters host=localhost port=5672 virtual_host=/ ssl=False>>
2025-10-17 17:12:15,013 - INFO - AMQPConnectionWorkflow - reporting success: <SelectConnection OPEN transport=<pika.adapters.utils.io_services_utils._AsyncPlaintextTransport object at 0x0000022082D1F9D0> params=<ConnectionParameters host=localhost port=5672 virtual_host=/ ssl=False>>
2025-10-17 17:12:15,014 - INFO - Connection workflow succeeded: <SelectConnection OPEN transport=<pika.adapters.utils.io_services_utils._AsyncPlaintextTransport object at 0x0000022082D1F9D0> params=<ConnectionParameters host=localhost port=5672 virtual_host=/ ssl=False>>
2025-10-17 17:12:15,014 - INFO - Created channel=1
2025-10-17 17:12:15,017 - INFO - Consumer waiting for messages...
2025-10-17 17:12:15,017 - INFO - Received file path from queue: uploads\student_results.csv
2025-10-17 17:46:09,284 - INFO - Pika version 1.3.2 connecting to ('::1', 5672, 0, 0)
2025-10-17 17:46:09,285 - INFO - Socket connected: <socket.socket fd=1656, family=23, type=1, proto=6, laddr=('::1', 64871, 0, 0), raddr=('::1', 5672, 0, 0)>
2025-10-17 17:46:09,286 - INFO - Streaming transport linked up: (<pika.adapters.utils.io_services_utils._AsyncPlaintextTransport object at 0x000001D994A55210>, _StreamingProtocolShim: <SelectConnection PROTOCOL transport=<pika.adapters.utils.io_services_utils._AsyncPlaintextTransport object at 0x000001D994A55210> params=<ConnectionParameters host=localhost port=5672 virtual_host=/ ssl=False>>).
2025-10-17 17:46:09,289 - INFO - AMQPConnector - reporting success: <SelectConnection OPEN transport=<pika.adapters.utils.io_services_utils._AsyncPlaintextTransport object at 0x000001D994A55210> params=<ConnectionParameters host=localhost port=5672 virtual_host=/ ssl=False>>
2025-10-17 17:46:09,289 - INFO - AMQPConnectionWorkflow - reporting success: <SelectConnection OPEN transport=<pika.adapters.utils.io_services_utils._AsyncPlaintextTransport object at 0x000001D994A55210> params=<ConnectionParameters host=localhost port=5672 virtual_host=/ ssl=False>>
2025-10-17 17:46:09,289 - INFO - Connection workflow succeeded: <SelectConnection OPEN transport=<pika.adapters.utils.io_services_utils._AsyncPlaintextTransport object at 0x000001D994A55210> params=<ConnectionParameters host=localhost port=5672 virtual_host=/ ssl=False>>
2025-10-17 17:46:09,290 - INFO - Created channel=1
2025-10-17 17:46:09,292 - INFO - Consumer waiting for messages...
2025-10-17 17:46:09,293 - INFO - Received file path from queue: uploads\student_results.csv
2025-10-17 17:47:04,159 - INFO - Pika version 1.3.2 connecting to ('::1', 5672, 0, 0)
2025-10-17 17:47:04,160 - INFO - Socket connected: <socket.socket fd=1656, family=23, type=1, proto=6, laddr=('::1', 64888, 0, 0), raddr=('::1', 5672, 0, 0)>
2025-10-17 17:47:04,160 - INFO - Streaming transport linked up: (<pika.adapters.utils.io_services_utils._AsyncPlaintextTransport object at 0x000001BB54F51350>, _StreamingProtocolShim: <SelectConnection PROTOCOL transport=<pika.adapters.utils.io_services_utils._AsyncPlaintextTransport object at 0x000001BB54F51350> params=<ConnectionParameters host=localhost port=5672 virtual_host=/ ssl=False>>).
2025-10-17 17:47:04,164 - INFO - AMQPConnector - reporting success: <SelectConnection OPEN transport=<pika.adapters.utils.io_services_utils._AsyncPlaintextTransport object at 0x000001BB54F51350> params=<ConnectionParameters host=localhost port=5672 virtual_host=/ ssl=False>>
2025-10-17 17:47:04,164 - INFO - AMQPConnectionWorkflow - reporting success: <SelectConnection OPEN transport=<pika.adapters.utils.io_services_utils._AsyncPlaintextTransport object at 0x000001BB54F51350> params=<ConnectionParameters host=localhost port=5672 virtual_host=/ ssl=False>>
2025-10-17 17:47:04,164 - INFO - Connection workflow succeeded: <SelectConnection OPEN transport=<pika.adapters.utils.io_services_utils._AsyncPlaintextTransport object at 0x000001BB54F51350> params=<ConnectionParameters host=localhost port=5672 virtual_host=/ ssl=False>>
2025-10-17 17:47:04,165 - INFO - Created channel=1
2025-10-17 17:47:04,167 - INFO - Consumer waiting for messages...
2025-10-17 17:47:04,168 - INFO - Received file path from queue: uploads\student_results.csv
2025-10-17 17:47:04,238 - INFO - package: mysql.connector.plugins
2025-10-17 17:47:04,238 - INFO - plugin_name: caching_sha2_password
2025-10-17 17:47:04,238 - INFO - AUTHENTICATION_PLUGIN_CLASS: MySQLCachingSHA2PasswordAuthPlugin
2025-10-17 17:47:04,240 - ERROR - DB update failed: 1064 (42000): You have an error in your SQL syntax; check the manual that corresponds to your MySQL server version for the right syntax to use near 'IF NOT EXISTS Maths INT,
            ADD COLUMN IF NOT EXISTS Python INT,
      ' at line 2
2025-10-17 17:47:04,242 - INFO - Received file path from queue: uploads\student_results.csv
2025-10-17 17:47:04,289 - ERROR - DB update failed: 1064 (42000): You have an error in your SQL syntax; check the manual that corresponds to your MySQL server version for the right syntax to use near 'IF NOT EXISTS Maths INT,
            ADD COLUMN IF NOT EXISTS Python INT,
      ' at line 2
2025-10-17 17:47:04,291 - INFO - Received file path from queue: uploads\student_results.csv
2025-10-17 17:47:04,336 - ERROR - DB update failed: 1064 (42000): You have an error in your SQL syntax; check the manual that corresponds to your MySQL server version for the right syntax to use near 'IF NOT EXISTS Maths INT,
            ADD COLUMN IF NOT EXISTS Python INT,
      ' at line 2
2025-10-17 17:47:04,338 - INFO - Received file path from queue: uploads\student_results.csv
2025-10-17 17:47:04,388 - ERROR - DB update failed: 1064 (42000): You have an error in your SQL syntax; check the manual that corresponds to your MySQL server version for the right syntax to use near 'IF NOT EXISTS Maths INT,
            ADD COLUMN IF NOT EXISTS Python INT,
      ' at line 2
2025-10-17 17:47:04,391 - INFO - Received file path from queue: uploads\student_results.csv
2025-10-17 17:47:04,461 - ERROR - DB update failed: 1064 (42000): You have an error in your SQL syntax; check the manual that corresponds to your MySQL server version for the right syntax to use near 'IF NOT EXISTS Maths INT,
            ADD COLUMN IF NOT EXISTS Python INT,
      ' at line 2
2025-10-17 17:50:13,915 - INFO - Pika version 1.3.2 connecting to ('::1', 5672, 0, 0)
2025-10-17 17:50:13,916 - INFO - Socket connected: <socket.socket fd=1656, family=23, type=1, proto=6, laddr=('::1', 64923, 0, 0), raddr=('::1', 5672, 0, 0)>
2025-10-17 17:50:13,917 - INFO - Streaming transport linked up: (<pika.adapters.utils.io_services_utils._AsyncPlaintextTransport object at 0x0000024F97105150>, _StreamingProtocolShim: <SelectConnection PROTOCOL transport=<pika.adapters.utils.io_services_utils._AsyncPlaintextTransport object at 0x0000024F97105150> params=<ConnectionParameters host=localhost port=5672 virtual_host=/ ssl=False>>).
2025-10-17 17:50:13,921 - INFO - AMQPConnector - reporting success: <SelectConnection OPEN transport=<pika.adapters.utils.io_services_utils._AsyncPlaintextTransport object at 0x0000024F97105150> params=<ConnectionParameters host=localhost port=5672 virtual_host=/ ssl=False>>
2025-10-17 17:50:13,921 - INFO - AMQPConnectionWorkflow - reporting success: <SelectConnection OPEN transport=<pika.adapters.utils.io_services_utils._AsyncPlaintextTransport object at 0x0000024F97105150> params=<ConnectionParameters host=localhost port=5672 virtual_host=/ ssl=False>>
2025-10-17 17:50:13,922 - INFO - Connection workflow succeeded: <SelectConnection OPEN transport=<pika.adapters.utils.io_services_utils._AsyncPlaintextTransport object at 0x0000024F97105150> params=<ConnectionParameters host=localhost port=5672 virtual_host=/ ssl=False>>
2025-10-17 17:50:13,922 - INFO - Created channel=1
2025-10-17 17:50:13,925 - INFO - Consumer waiting for messages...
2025-10-17 17:50:20,795 - INFO - Received file path from queue: uploads\student_results.csv
2025-10-17 17:50:21,011 - INFO - package: mysql.connector.plugins
2025-10-17 17:50:21,011 - INFO - plugin_name: caching_sha2_password
2025-10-17 17:50:21,011 - INFO - AUTHENTICATION_PLUGIN_CLASS: MySQLCachingSHA2PasswordAuthPlugin
2025-10-17 17:50:21,039 - INFO - Database updated successfully.
